# JRE version: Java(TM) SE Runtime Environment (8.0_121-b13) (build 1.8.0_121-b13)
# Java VM: Java HotSpot(TM) 64-Bit Server VM (25.121-b13 mixed mode windows-amd64 compressed oops)
Heap:
 PSYoungGen      total 208896K, used 149298K [0x00000000d5580000, 0x00000000e5080000, 0x0000000100000000)
  eden space 196096K, 76% used [0x00000000d5580000,0x00000000de74c868,0x00000000e1500000)
  from space 12800K, 0% used [0x00000000e2400000,0x00000000e2400000,0x00000000e3080000)
  to   space 15360K, 0% used [0x00000000e1500000,0x00000000e1500000,0x00000000e2400000)
 ParOldGen       total 81408K, used 18986K [0x0000000080000000, 0x0000000084f80000, 0x00000000d5580000)
  object space 81408K, 23% used [0x0000000080000000,0x000000008128aaf0,0x0000000084f80000)
 Metaspace       used 40342K, capacity 42100K, committed 42280K, reserved 1085440K
  class space    used 5309K, capacity 5631K, committed 5680K, reserved 1048576K
GC Heap History (10 events):
Event: 2.538 GC heap before
{Heap before GC invocations=6 (full 1):
 PSYoungGen      total 71680K, used 5107K [0x00000000d5580000, 0x00000000de880000, 0x0000000100000000)
  eden space 66560K, 0% used [0x00000000d5580000,0x00000000d5580000,0x00000000d9680000)
  from space 5120K, 99% used [0x00000000d9680000,0x00000000d9b7cf78,0x00000000d9b80000)
  to   space 8704K, 0% used [0x00000000de000000,0x00000000de000000,0x00000000de880000)
 ParOldGen       total 87552K, used 5611K [0x0000000080000000, 0x0000000085580000, 0x00000000d5580000)
  object space 87552K, 6% used [0x0000000080000000,0x000000008057ace8,0x0000000085580000)
 Metaspace       used 20680K, capacity 21220K, committed 21296K, reserved 1067008K
  class space    used 2680K, capacity 2835K, committed 2864K, reserved 1048576K
Event: 2.570 GC heap after
Heap after GC invocations=6 (full 1):
 PSYoungGen      total 71680K, used 0K [0x00000000d5580000, 0x00000000de880000, 0x0000000100000000)
  eden space 66560K, 0% used [0x00000000d5580000,0x00000000d5580000,0x00000000d9680000)
  from space 5120K, 0% used [0x00000000d9680000,0x00000000d9680000,0x00000000d9b80000)
  to   space 8704K, 0% used [0x00000000de000000,0x00000000de000000,0x00000000de880000)
 ParOldGen       total 51200K, used 6559K [0x0000000080000000, 0x0000000083200000, 0x00000000d5580000)
  object space 51200K, 12% used [0x0000000080000000,0x0000000080667d60,0x0000000083200000)
 Metaspace       used 20680K, capacity 21220K, committed 21296K, reserved 1067008K
  class space    used 2680K, capacity 2835K, committed 2864K, reserved 1048576K
}
Event: 3.414 GC heap before
{Heap before GC invocations=7 (full 1):
 PSYoungGen      total 71680K, used 66560K [0x00000000d5580000, 0x00000000de880000, 0x0000000100000000)
  eden space 66560K, 100% used [0x00000000d5580000,0x00000000d9680000,0x00000000d9680000)
  from space 5120K, 0% used [0x00000000d9680000,0x00000000d9680000,0x00000000d9b80000)
  to   space 8704K, 0% used [0x00000000de000000,0x00000000de000000,0x00000000de880000)
 ParOldGen       total 51200K, used 6559K [0x0000000080000000, 0x0000000083200000, 0x00000000d5580000)
  object space 51200K, 12% used [0x0000000080000000,0x0000000080667d60,0x0000000083200000)
 Metaspace       used 25967K, capacity 26768K, committed 26928K, reserved 1073152K
  class space    used 3377K, capacity 3587K, committed 3632K, reserved 1048576K
Event: 3.430 GC heap after
Heap after GC invocations=7 (full 1):
 PSYoungGen      total 124928K, used 8524K [0x00000000d5580000, 0x00000000de880000, 0x0000000100000000)
  eden space 116224K, 0% used [0x00000000d5580000,0x00000000d5580000,0x00000000dc700000)
  from space 8704K, 97% used [0x00000000de000000,0x00000000de853350,0x00000000de880000)
  to   space 9728K, 0% used [0x00000000dd580000,0x00000000dd580000,0x00000000ddf00000)
 ParOldGen       total 51200K, used 6631K [0x0000000080000000, 0x0000000083200000, 0x00000000d5580000)
  object space 51200K, 12% used [0x0000000080000000,0x0000000080679d70,0x0000000083200000)
 Metaspace       used 25967K, capacity 26768K, committed 26928K, reserved 1073152K
  class space    used 3377K, capacity 3587K, committed 3632K, reserved 1048576K
}
Event: 4.982 GC heap before
{Heap before GC invocations=8 (full 1):
 PSYoungGen      total 124928K, used 124748K [0x00000000d5580000, 0x00000000de880000, 0x0000000100000000)
  eden space 116224K, 100% used [0x00000000d5580000,0x00000000dc700000,0x00000000dc700000)
  from space 8704K, 97% used [0x00000000de000000,0x00000000de853350,0x00000000de880000)
  to   space 9728K, 0% used [0x00000000dd580000,0x00000000dd580000,0x00000000ddf00000)
 ParOldGen       total 51200K, used 6631K [0x0000000080000000, 0x0000000083200000, 0x00000000d5580000)
  object space 51200K, 12% used [0x0000000080000000,0x0000000080679d70,0x0000000083200000)
 Metaspace       used 32070K, capacity 33544K, committed 33712K, reserved 1079296K
  class space    used 4238K, capacity 4509K, committed 4528K, reserved 1048576K
Event: 5.004 GC heap after
Heap after GC invocations=8 (full 1):
 PSYoungGen      total 140800K, used 9717K [0x00000000d5580000, 0x00000000e3080000, 0x0000000100000000)
  eden space 131072K, 0% used [0x00000000d5580000,0x00000000d5580000,0x00000000dd580000)
  from space 9728K, 99% used [0x00000000dd580000,0x00000000ddefd7d0,0x00000000ddf00000)
  to   space 12800K, 0% used [0x00000000e2400000,0x00000000e2400000,0x00000000e3080000)
 ParOldGen       total 51200K, used 10501K [0x0000000080000000, 0x0000000083200000, 0x00000000d5580000)
  object space 51200K, 20% used [0x0000000080000000,0x0000000080a41450,0x0000000083200000)
 Metaspace       used 32070K, capacity 33544K, committed 33712K, reserved 1079296K
  class space    used 4238K, capacity 4509K, committed 4528K, reserved 1048576K
}
Event: 5.421 GC heap before
{Heap before GC invocations=9 (full 1):
 PSYoungGen      total 140800K, used 36839K [0x00000000d5580000, 0x00000000e3080000, 0x0000000100000000)
  eden space 131072K, 20% used [0x00000000d5580000,0x00000000d6ffc590,0x00000000dd580000)
  from space 9728K, 99% used [0x00000000dd580000,0x00000000ddefd7d0,0x00000000ddf00000)
  to   space 12800K, 0% used [0x00000000e2400000,0x00000000e2400000,0x00000000e3080000)
 ParOldGen       total 51200K, used 10501K [0x0000000080000000, 0x0000000083200000, 0x00000000d5580000)
  object space 51200K, 20% used [0x0000000080000000,0x0000000080a41450,0x0000000083200000)
 Metaspace       used 33997K, capacity 35420K, committed 35496K, reserved 1079296K
  class space    used 4495K, capacity 4769K, committed 4784K, reserved 1048576K
Event: 5.439 GC heap after
Heap after GC invocations=9 (full 1):
 PSYoungGen      total 208896K, used 12789K [0x00000000d5580000, 0x00000000e5080000, 0x0000000100000000)
  eden space 196096K, 0% used [0x00000000d5580000,0x00000000d5580000,0x00000000e1500000)
  from space 12800K, 99% used [0x00000000e2400000,0x00000000e307d770,0x00000000e3080000)
  to   space 15360K, 0% used [0x00000000e1500000,0x00000000e1500000,0x00000000e2400000)
 ParOldGen       total 51200K, used 12356K [0x0000000080000000, 0x0000000083200000, 0x00000000d5580000)
  object space 51200K, 24% used [0x0000000080000000,0x0000000080c11070,0x0000000083200000)
 Metaspace       used 33997K, capacity 35420K, committed 35496K, reserved 1079296K
  class space    used 4495K, capacity 4769K, committed 4784K, reserved 1048576K
}
Event: 5.439 GC heap before
{Heap before GC invocations=10 (full 2):
 PSYoungGen      total 208896K, used 12789K [0x00000000d5580000, 0x00000000e5080000, 0x0000000100000000)
  eden space 196096K, 0% used [0x00000000d5580000,0x00000000d5580000,0x00000000e1500000)
  from space 12800K, 99% used [0x00000000e2400000,0x00000000e307d770,0x00000000e3080000)
  to   space 15360K, 0% used [0x00000000e1500000,0x00000000e1500000,0x00000000e2400000)
 ParOldGen       total 51200K, used 12356K [0x0000000080000000, 0x0000000083200000, 0x00000000d5580000)
  object space 51200K, 24% used [0x0000000080000000,0x0000000080c11070,0x0000000083200000)
 Metaspace       used 33997K, capacity 35420K, committed 35496K, reserved 1079296K
  class space    used 4495K, capacity 4769K, committed 4784K, reserved 1048576K
Event: 5.533 GC heap after
Heap after GC invocations=10 (full 2):
 PSYoungGen      total 208896K, used 0K [0x00000000d5580000, 0x00000000e5080000, 0x0000000100000000)
  eden space 196096K, 0% used [0x00000000d5580000,0x00000000d5580000,0x00000000e1500000)
  from space 12800K, 0% used [0x00000000e2400000,0x00000000e2400000,0x00000000e3080000)
  to   space 15360K, 0% used [0x00000000e1500000,0x00000000e1500000,0x00000000e2400000)
 ParOldGen       total 81408K, used 18986K [0x0000000080000000, 0x0000000084f80000, 0x00000000d5580000)
  object space 81408K, 23% used [0x0000000080000000,0x000000008128aaf0,0x0000000084f80000)
 Metaspace       used 33997K, capacity 35420K, committed 35496K, reserved 1079296K
  class space    used 4495K, capacity 4769K, committed 4784K, reserved 1048576K
}

