# JRE version: Java(TM) SE Runtime Environment (8.0_121-b13) (build 1.8.0_121-b13)
# Java VM: Java HotSpot(TM) 64-Bit Server VM (25.121-b13 mixed mode windows-amd64 compressed oops)
Heap:
 PSYoungGen      total 221184K, used 28387K [0x00000000d5580000, 0x00000000e4f00000, 0x0000000100000000)
  eden space 205824K, 7% used [0x00000000d5580000,0x00000000d64fde28,0x00000000e1e80000)
  from space 15360K, 81% used [0x00000000e1e80000,0x00000000e2abb080,0x00000000e2d80000)
  to   space 11776K, 0% used [0x00000000e2d80000,0x00000000e2d80000,0x00000000e3900000)
 ParOldGen       total 79872K, used 19680K [0x0000000080000000, 0x0000000084e00000, 0x00000000d5580000)
  object space 79872K, 24% used [0x0000000080000000,0x0000000081338058,0x0000000084e00000)
 Metaspace       used 42781K, capacity 44908K, committed 45096K, reserved 1087488K
  class space    used 5710K, capacity 6069K, committed 6192K, reserved 1048576K
GC Heap History (10 events):
Event: 3.015 GC heap before
{Heap before GC invocations=7 (full 1):
 PSYoungGen      total 71680K, used 66560K [0x00000000d5580000, 0x00000000de780000, 0x0000000100000000)
  eden space 66560K, 100% used [0x00000000d5580000,0x00000000d9680000,0x00000000d9680000)
  from space 5120K, 0% used [0x00000000d9680000,0x00000000d9680000,0x00000000d9b80000)
  to   space 8192K, 0% used [0x00000000ddf80000,0x00000000ddf80000,0x00000000de780000)
 ParOldGen       total 49152K, used 6540K [0x0000000080000000, 0x0000000083000000, 0x00000000d5580000)
  object space 49152K, 13% used [0x0000000080000000,0x0000000080663090,0x0000000083000000)
 Metaspace       used 23926K, capacity 24574K, committed 24880K, reserved 1071104K
  class space    used 3114K, capacity 3288K, committed 3376K, reserved 1048576K
Event: 3.024 GC heap after
Heap after GC invocations=7 (full 1):
 PSYoungGen      total 123904K, used 4449K [0x00000000d5580000, 0x00000000de400000, 0x0000000100000000)
  eden space 119296K, 0% used [0x00000000d5580000,0x00000000d5580000,0x00000000dca00000)
  from space 4608K, 96% used [0x00000000ddf80000,0x00000000de3d8430,0x00000000de400000)
  to   space 8192K, 0% used [0x00000000dd400000,0x00000000dd400000,0x00000000ddc00000)
 ParOldGen       total 49152K, used 6548K [0x0000000080000000, 0x0000000083000000, 0x00000000d5580000)
  object space 49152K, 13% used [0x0000000080000000,0x0000000080665090,0x0000000083000000)
 Metaspace       used 23926K, capacity 24574K, committed 24880K, reserved 1071104K
  class space    used 3114K, capacity 3288K, committed 3376K, reserved 1048576K
}
Event: 4.645 GC heap before
{Heap before GC invocations=8 (full 1):
 PSYoungGen      total 123904K, used 123745K [0x00000000d5580000, 0x00000000de400000, 0x0000000100000000)
  eden space 119296K, 100% used [0x00000000d5580000,0x00000000dca00000,0x00000000dca00000)
  from space 4608K, 96% used [0x00000000ddf80000,0x00000000de3d8430,0x00000000de400000)
  to   space 8192K, 0% used [0x00000000dd400000,0x00000000dd400000,0x00000000ddc00000)
 ParOldGen       total 49152K, used 6548K [0x0000000080000000, 0x0000000083000000, 0x00000000d5580000)
  object space 49152K, 13% used [0x0000000080000000,0x0000000080665090,0x0000000083000000)
 Metaspace       used 30689K, capacity 31796K, committed 31920K, reserved 1077248K
  class space    used 4031K, capacity 4267K, committed 4272K, reserved 1048576K
Event: 4.670 GC heap after
Heap after GC invocations=8 (full 1):
 PSYoungGen      total 137728K, used 8176K [0x00000000d5580000, 0x00000000e3900000, 0x0000000100000000)
  eden space 129536K, 0% used [0x00000000d5580000,0x00000000d5580000,0x00000000dd400000)
  from space 8192K, 99% used [0x00000000dd400000,0x00000000ddbfc348,0x00000000ddc00000)
  to   space 11776K, 0% used [0x00000000e2d80000,0x00000000e2d80000,0x00000000e3900000)
 ParOldGen       total 49152K, used 11819K [0x0000000080000000, 0x0000000083000000, 0x00000000d5580000)
  object space 49152K, 24% used [0x0000000080000000,0x0000000080b8aff0,0x0000000083000000)
 Metaspace       used 30689K, capacity 31796K, committed 31920K, reserved 1077248K
  class space    used 4031K, capacity 4267K, committed 4272K, reserved 1048576K
}
Event: 5.559 GC heap before
{Heap before GC invocations=9 (full 1):
 PSYoungGen      total 137728K, used 69909K [0x00000000d5580000, 0x00000000e3900000, 0x0000000100000000)
  eden space 129536K, 47% used [0x00000000d5580000,0x00000000d91c9350,0x00000000dd400000)
  from space 8192K, 99% used [0x00000000dd400000,0x00000000ddbfc348,0x00000000ddc00000)
  to   space 11776K, 0% used [0x00000000e2d80000,0x00000000e2d80000,0x00000000e3900000)
 ParOldGen       total 49152K, used 11819K [0x0000000080000000, 0x0000000083000000, 0x00000000d5580000)
  object space 49152K, 24% used [0x0000000080000000,0x0000000080b8aff0,0x0000000083000000)
 Metaspace       used 33997K, capacity 35478K, committed 35496K, reserved 1079296K
  class space    used 4490K, capacity 4766K, committed 4784K, reserved 1048576K
Event: 5.584 GC heap after
Heap after GC invocations=9 (full 1):
 PSYoungGen      total 217600K, used 11768K [0x00000000d5580000, 0x00000000e4f00000, 0x0000000100000000)
  eden space 205824K, 0% used [0x00000000d5580000,0x00000000d5580000,0x00000000e1e80000)
  from space 11776K, 99% used [0x00000000e2d80000,0x00000000e38fe1f8,0x00000000e3900000)
  to   space 15360K, 0% used [0x00000000e1e80000,0x00000000e1e80000,0x00000000e2d80000)
 ParOldGen       total 49152K, used 15604K [0x0000000080000000, 0x0000000083000000, 0x00000000d5580000)
  object space 49152K, 31% used [0x0000000080000000,0x0000000080f3d0f8,0x0000000083000000)
 Metaspace       used 33997K, capacity 35478K, committed 35496K, reserved 1079296K
  class space    used 4490K, capacity 4766K, committed 4784K, reserved 1048576K
}
Event: 5.584 GC heap before
{Heap before GC invocations=10 (full 2):
 PSYoungGen      total 217600K, used 11768K [0x00000000d5580000, 0x00000000e4f00000, 0x0000000100000000)
  eden space 205824K, 0% used [0x00000000d5580000,0x00000000d5580000,0x00000000e1e80000)
  from space 11776K, 99% used [0x00000000e2d80000,0x00000000e38fe1f8,0x00000000e3900000)
  to   space 15360K, 0% used [0x00000000e1e80000,0x00000000e1e80000,0x00000000e2d80000)
 ParOldGen       total 49152K, used 15604K [0x0000000080000000, 0x0000000083000000, 0x00000000d5580000)
  object space 49152K, 31% used [0x0000000080000000,0x0000000080f3d0f8,0x0000000083000000)
 Metaspace       used 33997K, capacity 35478K, committed 35496K, reserved 1079296K
  class space    used 4490K, capacity 4766K, committed 4784K, reserved 1048576K
Event: 5.673 GC heap after
Heap after GC invocations=10 (full 2):
 PSYoungGen      total 217600K, used 0K [0x00000000d5580000, 0x00000000e4f00000, 0x0000000100000000)
  eden space 205824K, 0% used [0x00000000d5580000,0x00000000d5580000,0x00000000e1e80000)
  from space 11776K, 0% used [0x00000000e2d80000,0x00000000e2d80000,0x00000000e3900000)
  to   space 15360K, 0% used [0x00000000e1e80000,0x00000000e1e80000,0x00000000e2d80000)
 ParOldGen       total 79872K, used 19672K [0x0000000080000000, 0x0000000084e00000, 0x00000000d5580000)
  object space 79872K, 24% used [0x0000000080000000,0x0000000081336058,0x0000000084e00000)
 Metaspace       used 33997K, capacity 35478K, committed 35496K, reserved 1079296K
  class space    used 4490K, capacity 4766K, committed 4784K, reserved 1048576K
}
Event: 8.486 GC heap before
{Heap before GC invocations=11 (full 2):
 PSYoungGen      total 217600K, used 205824K [0x00000000d5580000, 0x00000000e4f00000, 0x0000000100000000)
  eden space 205824K, 100% used [0x00000000d5580000,0x00000000e1e80000,0x00000000e1e80000)
  from space 11776K, 0% used [0x00000000e2d80000,0x00000000e2d80000,0x00000000e3900000)
  to   space 15360K, 0% used [0x00000000e1e80000,0x00000000e1e80000,0x00000000e2d80000)
 ParOldGen       total 79872K, used 19672K [0x0000000080000000, 0x0000000084e00000, 0x00000000d5580000)
  object space 79872K, 24% used [0x0000000080000000,0x0000000081336058,0x0000000084e00000)
 Metaspace       used 42396K, capacity 44474K, committed 44712K, reserved 1087488K
  class space    used 5652K, capacity 6018K, committed 6064K, reserved 1048576K
Event: 8.508 GC heap after
Heap after GC invocations=11 (full 2):
 PSYoungGen      total 221184K, used 12524K [0x00000000d5580000, 0x00000000e4f00000, 0x0000000100000000)
  eden space 205824K, 0% used [0x00000000d5580000,0x00000000d5580000,0x00000000e1e80000)
  from space 15360K, 81% used [0x00000000e1e80000,0x00000000e2abb080,0x00000000e2d80000)
  to   space 11776K, 0% used [0x00000000e2d80000,0x00000000e2d80000,0x00000000e3900000)
 ParOldGen       total 79872K, used 19680K [0x0000000080000000, 0x0000000084e00000, 0x00000000d5580000)
  object space 79872K, 24% used [0x0000000080000000,0x0000000081338058,0x0000000084e00000)
 Metaspace       used 42396K, capacity 44474K, committed 44712K, reserved 1087488K
  class space    used 5652K, capacity 6018K, committed 6064K, reserved 1048576K
}

