# JRE version: Java(TM) SE Runtime Environment (8.0_121-b13) (build 1.8.0_121-b13)
# Java VM: Java HotSpot(TM) 64-Bit Server VM (25.121-b13 mixed mode windows-amd64 compressed oops)
Heap:
 PSYoungGen      total 155136K, used 69512K [0x00000000d5580000, 0x00000000e0b80000, 0x0000000100000000)
  eden space 145920K, 41% used [0x00000000d5580000,0x00000000d90ba3d0,0x00000000de400000)
  from space 9216K, 96% used [0x00000000e0280000,0x00000000e0b27d58,0x00000000e0b80000)
  to   space 14336K, 0% used [0x00000000def80000,0x00000000def80000,0x00000000dfd80000)
 ParOldGen       total 58880K, used 18848K [0x0000000080000000, 0x0000000083980000, 0x00000000d5580000)
  object space 58880K, 32% used [0x0000000080000000,0x00000000812681c0,0x0000000083980000)
 Metaspace       used 41492K, capacity 43524K, committed 43816K, reserved 1087488K
  class space    used 5527K, capacity 5889K, committed 5936K, reserved 1048576K
GC Heap History (10 events):
Event: 2.511 GC heap before
{Heap before GC invocations=6 (full 1):
 PSYoungGen      total 71680K, used 66560K [0x00000000d5580000, 0x00000000da080000, 0x0000000100000000)
  eden space 66560K, 100% used [0x00000000d5580000,0x00000000d9680000,0x00000000d9680000)
  from space 5120K, 0% used [0x00000000d9b80000,0x00000000d9b80000,0x00000000da080000)
  to   space 5120K, 0% used [0x00000000d9680000,0x00000000d9680000,0x00000000d9b80000)
 ParOldGen       total 58880K, used 8231K [0x0000000080000000, 0x0000000083980000, 0x00000000d5580000)
  object space 58880K, 13% used [0x0000000080000000,0x0000000080809cf8,0x0000000083980000)
 Metaspace       used 26306K, capacity 27086K, committed 27312K, reserved 1073152K
  class space    used 3445K, capacity 3650K, committed 3760K, reserved 1048576K
Event: 2.524 GC heap after
Heap after GC invocations=6 (full 1):
 PSYoungGen      total 71680K, used 5107K [0x00000000d5580000, 0x00000000dd080000, 0x0000000100000000)
  eden space 66560K, 0% used [0x00000000d5580000,0x00000000d5580000,0x00000000d9680000)
  from space 5120K, 99% used [0x00000000d9680000,0x00000000d9b7cec0,0x00000000d9b80000)
  to   space 10240K, 0% used [0x00000000dc680000,0x00000000dc680000,0x00000000dd080000)
 ParOldGen       total 58880K, used 11992K [0x0000000080000000, 0x0000000083980000, 0x00000000d5580000)
  object space 58880K, 20% used [0x0000000080000000,0x0000000080bb6178,0x0000000083980000)
 Metaspace       used 26306K, capacity 27086K, committed 27312K, reserved 1073152K
  class space    used 3445K, capacity 3650K, committed 3760K, reserved 1048576K
}
Event: 3.322 GC heap before
{Heap before GC invocations=7 (full 1):
 PSYoungGen      total 71680K, used 71667K [0x00000000d5580000, 0x00000000dd080000, 0x0000000100000000)
  eden space 66560K, 100% used [0x00000000d5580000,0x00000000d9680000,0x00000000d9680000)
  from space 5120K, 99% used [0x00000000d9680000,0x00000000d9b7cec0,0x00000000d9b80000)
  to   space 10240K, 0% used [0x00000000dc680000,0x00000000dc680000,0x00000000dd080000)
 ParOldGen       total 58880K, used 11992K [0x0000000080000000, 0x0000000083980000, 0x00000000d5580000)
  object space 58880K, 20% used [0x0000000080000000,0x0000000080bb6178,0x0000000083980000)
 Metaspace       used 30527K, capacity 31680K, committed 31920K, reserved 1077248K
  class space    used 3991K, capacity 4241K, committed 4272K, reserved 1048576K
Event: 3.334 GC heap after
Heap after GC invocations=7 (full 1):
 PSYoungGen      total 114176K, used 10133K [0x00000000d5580000, 0x00000000dd200000, 0x0000000100000000)
  eden space 103936K, 0% used [0x00000000d5580000,0x00000000d5580000,0x00000000dbb00000)
  from space 10240K, 98% used [0x00000000dc680000,0x00000000dd0655c0,0x00000000dd080000)
  to   space 11776K, 0% used [0x00000000dbb00000,0x00000000dbb00000,0x00000000dc680000)
 ParOldGen       total 58880K, used 12000K [0x0000000080000000, 0x0000000083980000, 0x00000000d5580000)
  object space 58880K, 20% used [0x0000000080000000,0x0000000080bb8178,0x0000000083980000)
 Metaspace       used 30527K, capacity 31680K, committed 31920K, reserved 1077248K
  class space    used 3991K, capacity 4241K, committed 4272K, reserved 1048576K
}
Event: 3.936 GC heap before
{Heap before GC invocations=8 (full 1):
 PSYoungGen      total 114176K, used 50538K [0x00000000d5580000, 0x00000000dd200000, 0x0000000100000000)
  eden space 103936K, 38% used [0x00000000d5580000,0x00000000d7cf5320,0x00000000dbb00000)
  from space 10240K, 98% used [0x00000000dc680000,0x00000000dd0655c0,0x00000000dd080000)
  to   space 11776K, 0% used [0x00000000dbb00000,0x00000000dbb00000,0x00000000dc680000)
 ParOldGen       total 58880K, used 12000K [0x0000000080000000, 0x0000000083980000, 0x00000000d5580000)
  object space 58880K, 20% used [0x0000000080000000,0x0000000080bb8178,0x0000000083980000)
 Metaspace       used 33929K, capacity 35356K, committed 35496K, reserved 1079296K
  class space    used 4443K, capacity 4725K, committed 4784K, reserved 1048576K
Event: 3.953 GC heap after
Heap after GC invocations=8 (full 1):
 PSYoungGen      total 115712K, used 11774K [0x00000000d5580000, 0x00000000e1100000, 0x0000000100000000)
  eden space 103936K, 0% used [0x00000000d5580000,0x00000000d5580000,0x00000000dbb00000)
  from space 11776K, 99% used [0x00000000dbb00000,0x00000000dc67f940,0x00000000dc680000)
  to   space 14848K, 0% used [0x00000000e0280000,0x00000000e0280000,0x00000000e1100000)
 ParOldGen       total 58880K, used 15008K [0x0000000080000000, 0x0000000083980000, 0x00000000d5580000)
  object space 58880K, 25% used [0x0000000080000000,0x0000000080ea82d0,0x0000000083980000)
 Metaspace       used 33929K, capacity 35356K, committed 35496K, reserved 1079296K
  class space    used 4443K, capacity 4725K, committed 4784K, reserved 1048576K
}
Event: 3.953 GC heap before
{Heap before GC invocations=9 (full 2):
 PSYoungGen      total 115712K, used 11774K [0x00000000d5580000, 0x00000000e1100000, 0x0000000100000000)
  eden space 103936K, 0% used [0x00000000d5580000,0x00000000d5580000,0x00000000dbb00000)
  from space 11776K, 99% used [0x00000000dbb00000,0x00000000dc67f940,0x00000000dc680000)
  to   space 14848K, 0% used [0x00000000e0280000,0x00000000e0280000,0x00000000e1100000)
 ParOldGen       total 58880K, used 15008K [0x0000000080000000, 0x0000000083980000, 0x00000000d5580000)
  object space 58880K, 25% used [0x0000000080000000,0x0000000080ea82d0,0x0000000083980000)
 Metaspace       used 33929K, capacity 35356K, committed 35496K, reserved 1079296K
  class space    used 4443K, capacity 4725K, committed 4784K, reserved 1048576K
Event: 4.047 GC heap after
Heap after GC invocations=9 (full 2):
 PSYoungGen      total 115712K, used 0K [0x00000000d5580000, 0x00000000e1100000, 0x0000000100000000)
  eden space 103936K, 0% used [0x00000000d5580000,0x00000000d5580000,0x00000000dbb00000)
  from space 11776K, 0% used [0x00000000dbb00000,0x00000000dbb00000,0x00000000dc680000)
  to   space 14848K, 0% used [0x00000000e0280000,0x00000000e0280000,0x00000000e1100000)
 ParOldGen       total 58880K, used 18840K [0x0000000080000000, 0x0000000083980000, 0x00000000d5580000)
  object space 58880K, 31% used [0x0000000080000000,0x00000000812661c0,0x0000000083980000)
 Metaspace       used 33929K, capacity 35356K, committed 35496K, reserved 1079296K
  class space    used 4443K, capacity 4725K, committed 4784K, reserved 1048576K
}
Event: 5.403 GC heap before
{Heap before GC invocations=10 (full 2):
 PSYoungGen      total 115712K, used 103936K [0x00000000d5580000, 0x00000000e1100000, 0x0000000100000000)
  eden space 103936K, 100% used [0x00000000d5580000,0x00000000dbb00000,0x00000000dbb00000)
  from space 11776K, 0% used [0x00000000dbb00000,0x00000000dbb00000,0x00000000dc680000)
  to   space 14848K, 0% used [0x00000000e0280000,0x00000000e0280000,0x00000000e1100000)
 ParOldGen       total 58880K, used 18840K [0x0000000080000000, 0x0000000083980000, 0x00000000d5580000)
  object space 58880K, 31% used [0x0000000080000000,0x00000000812661c0,0x0000000083980000)
 Metaspace       used 40665K, capacity 42684K, committed 42920K, reserved 1087488K
  class space    used 5407K, capacity 5769K, committed 5808K, reserved 1048576K
Event: 5.417 GC heap after
Heap after GC invocations=10 (full 2):
 PSYoungGen      total 155136K, used 8863K [0x00000000d5580000, 0x00000000e0b80000, 0x0000000100000000)
  eden space 145920K, 0% used [0x00000000d5580000,0x00000000d5580000,0x00000000de400000)
  from space 9216K, 96% used [0x00000000e0280000,0x00000000e0b27d58,0x00000000e0b80000)
  to   space 14336K, 0% used [0x00000000def80000,0x00000000def80000,0x00000000dfd80000)
 ParOldGen       total 58880K, used 18848K [0x0000000080000000, 0x0000000083980000, 0x00000000d5580000)
  object space 58880K, 32% used [0x0000000080000000,0x00000000812681c0,0x0000000083980000)
 Metaspace       used 40665K, capacity 42684K, committed 42920K, reserved 1087488K
  class space    used 5407K, capacity 5769K, committed 5808K, reserved 1048576K
}

